<?xml version="1.0" encoding="UTF-8"?>
<!-- Generated by org.testng.reporters.JUnitXMLReporter -->
<testsuite ignored="0" hostname="Sakif" failures="0" tests="9" name="Command line test" time="47.327" errors="0" timestamp="2022-08-18T22:57:29 EDT">
  <testcase classname="com.qa.testcases.AdminPageTest" name="adminLabelTest" time="0.042"/>
  <testcase classname="com.qa.testcases.AdminPageTest" name="selectSingleAdminNameTest" time="0.472"/>
  <testcase classname="com.qa.testcases.AdminPageTest" name="selectMultipleAdminNameTest" time="0.551"/>
  <testcase classname="com.qa.testcases.HomePageTest" name="verifyHomePageTitleTest" time="2.144"/>
  <testcase classname="com.qa.testcases.HomePageTest" name="verifyUserNameLabel" time="3.089"/>
  <testcase classname="com.qa.testcases.HomePageTest" name="verifyAdminTest" time="2.831"/>
  <testcase classname="com.qa.testcases.LoginPageTest" name="loginPageTitleTest" time="0.006"/>
  <testcase classname="com.qa.testcases.LoginPageTest" name="loginButtonTest" time="0.309"/>
  <testcase classname="com.qa.testcases.LoginPageTest" name="loginTest" time="0.42"/>
</testsuite> <!-- Command line test -->
