<?xml version="1.0" encoding="UTF-8" ?>
<testsuite tests="9" failures="0" name="TestSuite" time="9.864" errors="0" skipped="0">
  <properties>
[...]
</properties>
  <testcase classname="com.qa.testcases.AdminPageTest" name="adminLabelTest" time="0.042"/>
  <testcase classname="com.qa.testcases.AdminPageTest" name="selectSingleAdminNameTest" time="0.472"/>
  <testcase classname="com.qa.testcases.AdminPageTest" name="selectMultipleAdminNameTest" time="0.551"/>
  <testcase classname="com.qa.testcases.HomePageTest" name="verifyHomePageTitleTest" time="2.144"/>
  <testcase classname="com.qa.testcases.HomePageTest" name="verifyUserNameLabel" time="3.089"/>
  <testcase classname="com.qa.testcases.HomePageTest" name="verifyAdminTest" time="2.83"/>
  <testcase classname="com.qa.testcases.LoginPageTest" name="loginPageTitleTest" time="0.006"/>
  <testcase classname="com.qa.testcases.LoginPageTest" name="loginButtonTest" time="0.31"/>
  <testcase classname="com.qa.testcases.LoginPageTest" name="loginTest" time="0.42"/>
</testsuite>