<?xml version="1.0" encoding="UTF-8"?>
<testng-results ignored="0" total="9" passed="9" failed="0" skipped="0">
  <reporter-output>
  </reporter-output>
  <suite started-at="2022-08-18T22:56:42 EDT" name="Command line suite" finished-at="2022-08-18T22:57:29 EDT" duration-ms="47327">
    <groups>
    </groups>
    <test started-at="2022-08-18T22:56:42 EDT" name="Command line test" finished-at="2022-08-18T22:57:29 EDT" duration-ms="47327">
      <class name="com.qa.testcases.HomePageTest">
        <test-method is-config="true" signature="setUp()[pri:0, instance:com.qa.testcases.HomePageTest@75f9eccc]" started-at="2022-08-18T22:57:01 EDT" name="setUp" finished-at="2022-08-18T22:57:04 EDT" duration-ms="2751" status="PASS">
          <reporter-output>
          </reporter-output>
        </test-method> <!-- setUp -->
        <test-method signature="verifyHomePageTitleTest()[pri:1, instance:com.qa.testcases.HomePageTest@75f9eccc]" started-at="2022-08-18T22:57:04 EDT" name="verifyHomePageTitleTest" finished-at="2022-08-18T22:57:06 EDT" duration-ms="2144" status="PASS">
          <reporter-output>
          </reporter-output>
        </test-method> <!-- verifyHomePageTitleTest -->
        <test-method is-config="true" signature="tearDown()[pri:0, instance:com.qa.testcases.HomePageTest@75f9eccc]" started-at="2022-08-18T22:57:06 EDT" name="tearDown" finished-at="2022-08-18T22:57:06 EDT" duration-ms="140" status="PASS">
          <reporter-output>
          </reporter-output>
        </test-method> <!-- tearDown -->
        <test-method is-config="true" signature="setUp()[pri:0, instance:com.qa.testcases.HomePageTest@75f9eccc]" started-at="2022-08-18T22:57:06 EDT" name="setUp" finished-at="2022-08-18T22:57:09 EDT" duration-ms="2691" status="PASS">
          <reporter-output>
          </reporter-output>
        </test-method> <!-- setUp -->
        <test-method signature="verifyUserNameLabel()[pri:2, instance:com.qa.testcases.HomePageTest@75f9eccc]" started-at="2022-08-18T22:57:09 EDT" name="verifyUserNameLabel" finished-at="2022-08-18T22:57:12 EDT" duration-ms="3089" status="PASS">
          <reporter-output>
          </reporter-output>
        </test-method> <!-- verifyUserNameLabel -->
        <test-method is-config="true" signature="tearDown()[pri:0, instance:com.qa.testcases.HomePageTest@75f9eccc]" started-at="2022-08-18T22:57:12 EDT" name="tearDown" finished-at="2022-08-18T22:57:12 EDT" duration-ms="145" status="PASS">
          <reporter-output>
          </reporter-output>
        </test-method> <!-- tearDown -->
        <test-method is-config="true" signature="setUp()[pri:0, instance:com.qa.testcases.HomePageTest@75f9eccc]" started-at="2022-08-18T22:57:12 EDT" name="setUp" finished-at="2022-08-18T22:57:15 EDT" duration-ms="2739" status="PASS">
          <reporter-output>
          </reporter-output>
        </test-method> <!-- setUp -->
        <test-method signature="verifyAdminTest()[pri:3, instance:com.qa.testcases.HomePageTest@75f9eccc]" started-at="2022-08-18T22:57:15 EDT" name="verifyAdminTest" finished-at="2022-08-18T22:57:17 EDT" duration-ms="2831" status="PASS">
          <reporter-output>
          </reporter-output>
        </test-method> <!-- verifyAdminTest -->
        <test-method is-config="true" signature="tearDown()[pri:0, instance:com.qa.testcases.HomePageTest@75f9eccc]" started-at="2022-08-18T22:57:17 EDT" name="tearDown" finished-at="2022-08-18T22:57:18 EDT" duration-ms="120" status="PASS">
          <reporter-output>
          </reporter-output>
        </test-method> <!-- tearDown -->
      </class> <!-- com.qa.testcases.HomePageTest -->
      <class name="com.qa.testcases.AdminPageTest">
        <test-method is-config="true" signature="setUp()[pri:0, instance:com.qa.testcases.AdminPageTest@64d2d351]" started-at="2022-08-18T22:56:42 EDT" name="setUp" finished-at="2022-08-18T22:56:48 EDT" duration-ms="6523" status="PASS">
          <reporter-output>
          </reporter-output>
        </test-method> <!-- setUp -->
        <test-method signature="adminLabelTest()[pri:1, instance:com.qa.testcases.AdminPageTest@64d2d351]" started-at="2022-08-18T22:56:48 EDT" name="adminLabelTest" finished-at="2022-08-18T22:56:49 EDT" duration-ms="42" status="PASS">
          <reporter-output>
          </reporter-output>
        </test-method> <!-- adminLabelTest -->
        <test-method is-config="true" signature="tearDown()[pri:0, instance:com.qa.testcases.AdminPageTest@64d2d351]" started-at="2022-08-18T22:56:49 EDT" name="tearDown" finished-at="2022-08-18T22:56:49 EDT" duration-ms="152" status="PASS">
          <reporter-output>
          </reporter-output>
        </test-method> <!-- tearDown -->
        <test-method is-config="true" signature="setUp()[pri:0, instance:com.qa.testcases.AdminPageTest@64d2d351]" started-at="2022-08-18T22:56:49 EDT" name="setUp" finished-at="2022-08-18T22:56:54 EDT" duration-ms="5540" status="PASS">
          <reporter-output>
          </reporter-output>
        </test-method> <!-- setUp -->
        <test-method signature="selectSingleAdminNameTest()[pri:2, instance:com.qa.testcases.AdminPageTest@64d2d351]" started-at="2022-08-18T22:56:54 EDT" name="selectSingleAdminNameTest" finished-at="2022-08-18T22:56:55 EDT" duration-ms="472" status="PASS">
          <reporter-output>
          </reporter-output>
        </test-method> <!-- selectSingleAdminNameTest -->
        <test-method is-config="true" signature="tearDown()[pri:0, instance:com.qa.testcases.AdminPageTest@64d2d351]" started-at="2022-08-18T22:56:55 EDT" name="tearDown" finished-at="2022-08-18T22:56:55 EDT" duration-ms="113" status="PASS">
          <reporter-output>
          </reporter-output>
        </test-method> <!-- tearDown -->
        <test-method is-config="true" signature="setUp()[pri:0, instance:com.qa.testcases.AdminPageTest@64d2d351]" started-at="2022-08-18T22:56:55 EDT" name="setUp" finished-at="2022-08-18T22:57:00 EDT" duration-ms="5426" status="PASS">
          <reporter-output>
          </reporter-output>
        </test-method> <!-- setUp -->
        <test-method signature="selectMultipleAdminNameTest()[pri:3, instance:com.qa.testcases.AdminPageTest@64d2d351]" started-at="2022-08-18T22:57:00 EDT" name="selectMultipleAdminNameTest" finished-at="2022-08-18T22:57:01 EDT" duration-ms="551" status="PASS">
          <reporter-output>
          </reporter-output>
        </test-method> <!-- selectMultipleAdminNameTest -->
        <test-method is-config="true" signature="tearDown()[pri:0, instance:com.qa.testcases.AdminPageTest@64d2d351]" started-at="2022-08-18T22:57:01 EDT" name="tearDown" finished-at="2022-08-18T22:57:01 EDT" duration-ms="133" status="PASS">
          <reporter-output>
          </reporter-output>
        </test-method> <!-- tearDown -->
      </class> <!-- com.qa.testcases.AdminPageTest -->
      <class name="com.qa.testcases.LoginPageTest">
        <test-method is-config="true" signature="setUp()[pri:0, instance:com.qa.testcases.LoginPageTest@52aa2946]" started-at="2022-08-18T22:57:18 EDT" name="setUp" finished-at="2022-08-18T22:57:23 EDT" duration-ms="5836" status="PASS">
          <reporter-output>
          </reporter-output>
        </test-method> <!-- setUp -->
        <test-method signature="loginPageTitleTest()[pri:1, instance:com.qa.testcases.LoginPageTest@52aa2946]" started-at="2022-08-18T22:57:23 EDT" name="loginPageTitleTest" finished-at="2022-08-18T22:57:23 EDT" duration-ms="6" status="PASS">
          <reporter-output>
          </reporter-output>
        </test-method> <!-- loginPageTitleTest -->
        <test-method is-config="true" signature="tearDown()[pri:0, instance:com.qa.testcases.LoginPageTest@52aa2946]" started-at="2022-08-18T22:57:23 EDT" name="tearDown" finished-at="2022-08-18T22:57:24 EDT" duration-ms="124" status="PASS">
          <reporter-output>
          </reporter-output>
        </test-method> <!-- tearDown -->
        <test-method is-config="true" signature="setUp()[pri:0, instance:com.qa.testcases.LoginPageTest@52aa2946]" started-at="2022-08-18T22:57:24 EDT" name="setUp" finished-at="2022-08-18T22:57:26 EDT" duration-ms="2374" status="PASS">
          <reporter-output>
          </reporter-output>
        </test-method> <!-- setUp -->
        <test-method signature="loginButtonTest()[pri:2, instance:com.qa.testcases.LoginPageTest@52aa2946]" started-at="2022-08-18T22:57:26 EDT" name="loginButtonTest" finished-at="2022-08-18T22:57:26 EDT" duration-ms="309" status="PASS">
          <reporter-output>
          </reporter-output>
        </test-method> <!-- loginButtonTest -->
        <test-method is-config="true" signature="tearDown()[pri:0, instance:com.qa.testcases.LoginPageTest@52aa2946]" started-at="2022-08-18T22:57:26 EDT" name="tearDown" finished-at="2022-08-18T22:57:26 EDT" duration-ms="151" status="PASS">
          <reporter-output>
          </reporter-output>
        </test-method> <!-- tearDown -->
        <test-method is-config="true" signature="setUp()[pri:0, instance:com.qa.testcases.LoginPageTest@52aa2946]" started-at="2022-08-18T22:57:26 EDT" name="setUp" finished-at="2022-08-18T22:57:29 EDT" duration-ms="2319" status="PASS">
          <reporter-output>
          </reporter-output>
        </test-method> <!-- setUp -->
        <test-method signature="loginTest()[pri:3, instance:com.qa.testcases.LoginPageTest@52aa2946]" started-at="2022-08-18T22:57:29 EDT" name="loginTest" finished-at="2022-08-18T22:57:29 EDT" duration-ms="420" status="PASS">
          <reporter-output>
          </reporter-output>
        </test-method> <!-- loginTest -->
        <test-method is-config="true" signature="tearDown()[pri:0, instance:com.qa.testcases.LoginPageTest@52aa2946]" started-at="2022-08-18T22:57:29 EDT" name="tearDown" finished-at="2022-08-18T22:57:29 EDT" duration-ms="147" status="PASS">
          <reporter-output>
          </reporter-output>
        </test-method> <!-- tearDown -->
      </class> <!-- com.qa.testcases.LoginPageTest -->
    </test> <!-- Command line test -->
  </suite> <!-- Command line suite -->
</testng-results>
